62.3426 	WARNING 	User requested fullscreen with size [800 600], but screen is actually [1440, 900]. Using actual size
90.8668 	DATA 	Keypress: space
97.3912 	DATA 	Keypress: space
102.1089 	DATA 	Keypress: space
110.3813 	DATA 	Keypress: space
120.6073 	DATA 	Keypress: space
145.6269 	DATA 	Keypress: space
145.8124 	DATA 	Keypress: space
147.0200 	DATA 	Keypress: backspace
161.8056 	DATA 	Keypress: space
165.4966 	DATA 	Keypress: space
170.1897 	DATA 	Keypress: space
175.9506 	DATA 	Keypress: space
186.7409 	DATA 	Keypress: space
191.1760 	DATA 	Keypress: space
197.5572 	DATA 	Keypress: space
212.2041 	DATA 	Keypress: space
217.4190 	DATA 	Keypress: space
226.4915 	DATA 	Keypress: n
230.1385 	DATA 	Keypress: space
239.6769 	DATA 	Keypress: y
241.1524 	DATA 	Keypress: space
253.5804 	DATA 	Keypress: n
255.2460 	DATA 	Keypress: space
266.8661 	DATA 	Keypress: n
268.9810 	DATA 	Keypress: space
291.2640 	DATA 	Keypress: space
294.5688 	DATA 	Keypress: space
296.3285 	DATA 	Keypress: space
297.8416 	DATA 	Keypress: space
307.4580 	DATA 	Keypress: n
331.3186 	DATA 	Keypress: space
342.4512 	DATA 	Keypress: y
343.8999 	DATA 	Keypress: space
353.7816 	DATA 	Keypress: n
356.4149 	DATA 	Keypress: space
367.1005 	DATA 	Keypress: n
368.4938 	DATA 	Keypress: space
379.4668 	DATA 	Keypress: n
380.7831 	DATA 	Keypress: space
392.7352 	DATA 	Keypress: n
394.0126 	DATA 	Keypress: space
406.4224 	DATA 	Keypress: y
407.6775 	DATA 	Keypress: space
417.9203 	DATA 	Keypress: y
419.2171 	DATA 	Keypress: space
428.1807 	DATA 	Keypress: n
429.4422 	DATA 	Keypress: space
439.3780 	DATA 	Keypress: n
440.6492 	DATA 	Keypress: space
450.4894 	DATA 	Keypress: y
451.7537 	DATA 	Keypress: space
461.7032 	DATA 	Keypress: n
464.1421 	DATA 	Keypress: space
472.8833 	DATA 	Keypress: n
474.1454 	DATA 	Keypress: space
485.6842 	DATA 	Keypress: n
486.9888 	DATA 	Keypress: space
496.4960 	DATA 	Keypress: y
497.7777 	DATA 	Keypress: space
507.6591 	DATA 	Keypress: n
508.9958 	DATA 	Keypress: space
518.0367 	DATA 	Keypress: y
519.3719 	DATA 	Keypress: space
528.9162 	DATA 	Keypress: y
530.1696 	DATA 	Keypress: space
541.0474 	DATA 	Keypress: n
542.3051 	DATA 	Keypress: space
552.4786 	DATA 	Keypress: y
553.7558 	DATA 	Keypress: space
565.3798 	DATA 	Keypress: n
566.5966 	DATA 	Keypress: space
578.4316 	DATA 	Keypress: y
579.6711 	DATA 	Keypress: space
589.7451 	DATA 	Keypress: n
590.9953 	DATA 	Keypress: space
599.9720 	DATA 	Keypress: y
601.2533 	DATA 	Keypress: space
610.4672 	DATA 	Keypress: y
611.7200 	DATA 	Keypress: space
620.9291 	DATA 	Keypress: n
622.6430 	DATA 	Keypress: space
631.5903 	DATA 	Keypress: y
632.8604 	DATA 	Keypress: space
642.2021 	DATA 	Keypress: n
643.4343 	DATA 	Keypress: space
652.4125 	DATA 	Keypress: y
653.6405 	DATA 	Keypress: space
662.3390 	DATA 	Keypress: y
663.5694 	DATA 	Keypress: space
672.5823 	DATA 	Keypress: y
673.8435 	DATA 	Keypress: space
684.2475 	DATA 	Keypress: n
685.3665 	DATA 	Keypress: space
697.0321 	DATA 	Keypress: y
699.1334 	DATA 	Keypress: space
708.6957 	DATA 	Keypress: y
709.9792 	DATA 	Keypress: space
719.7758 	DATA 	Keypress: n
721.0520 	DATA 	Keypress: space
730.7546 	DATA 	Keypress: n
732.2227 	DATA 	Keypress: space
741.1496 	DATA 	Keypress: n
742.4361 	DATA 	Keypress: space
752.0785 	DATA 	Keypress: n
753.4047 	DATA 	Keypress: space
765.2302 	DATA 	Keypress: n
766.4837 	DATA 	Keypress: space
776.6118 	DATA 	Keypress: y
777.8755 	DATA 	Keypress: space
788.8116 	DATA 	Keypress: y
790.0909 	DATA 	Keypress: space
800.3419 	DATA 	Keypress: n
801.6119 	DATA 	Keypress: space
811.6884 	DATA 	Keypress: y
812.9661 	DATA 	Keypress: space
822.9344 	DATA 	Keypress: y
824.1997 	DATA 	Keypress: space
834.0137 	DATA 	Keypress: n
835.3339 	DATA 	Keypress: space
846.6147 	DATA 	Keypress: n
847.6704 	DATA 	Keypress: space
857.3264 	DATA 	Keypress: y
858.6067 	DATA 	Keypress: space
869.0080 	DATA 	Keypress: n
870.2950 	DATA 	Keypress: space
880.5718 	DATA 	Keypress: y
881.7699 	DATA 	Keypress: space
892.3705 	DATA 	Keypress: y
893.6502 	DATA 	Keypress: space
904.6196 	DATA 	Keypress: y
905.8865 	DATA 	Keypress: space
916.5339 	DATA 	Keypress: n
917.7268 	DATA 	Keypress: space
927.5467 	DATA 	Keypress: n
928.8482 	DATA 	Keypress: space
938.1936 	DATA 	Keypress: y
939.4635 	DATA 	Keypress: space
949.5063 	DATA 	Keypress: n
951.2766 	DATA 	Keypress: space
962.6234 	DATA 	Keypress: n
963.9002 	DATA 	Keypress: space
973.3701 	DATA 	Keypress: y
974.6605 	DATA 	Keypress: space
983.7132 	DATA 	Keypress: n
984.9534 	DATA 	Keypress: space
994.1587 	DATA 	Keypress: y
995.2980 	DATA 	Keypress: space
1005.2708 	DATA 	Keypress: n
1006.5096 	DATA 	Keypress: space
1018.4739 	DATA 	Keypress: y
1019.5907 	DATA 	Keypress: space
1028.2014 	DATA 	Keypress: y
1039.1569 	DATA 	Keypress: space
1048.0866 	DATA 	Keypress: n
1050.1709 	DATA 	Keypress: space
1058.7476 	DATA 	Keypress: n
1060.2062 	DATA 	Keypress: space
1072.0671 	DATA 	Keypress: y
1073.3932 	DATA 	Keypress: space
1083.1289 	DATA 	Keypress: n
1084.4223 	DATA 	Keypress: space
1093.4415 	DATA 	Keypress: y
1094.7766 	DATA 	Keypress: space
1103.8847 	DATA 	Keypress: y
1105.3260 	DATA 	Keypress: space
1113.7776 	DATA 	Keypress: n
1115.0438 	DATA 	Keypress: space
1125.3760 	DATA 	Keypress: n
1126.7341 	DATA 	Keypress: space
1137.6254 	DATA 	Keypress: n
1138.9138 	DATA 	Keypress: space
1148.1690 	DATA 	Keypress: n
1149.4488 	DATA 	Keypress: space
1160.1184 	DATA 	Keypress: y
1161.2901 	DATA 	Keypress: space
1165.2323 	DATA 	Keypress: space
1167.3492 	DATA 	Keypress: space
1169.8858 	DATA 	Keypress: space
1174.4918 	DATA 	Mouse: Left button down, pos=(1011,245)
1174.6259 	DATA 	Mouse:  Left button up, pos=(1011,245)
1175.6800 	DATA 	Mouse: Left button down, pos=(761,206)
1175.6811 	DATA 	RatingScale GSI: (mouse response) rating=Completely
 Agree
1175.6811 	DATA 	RatingScale GSI: rating RT=5.782
1175.6811 	DATA 	RatingScale GSI: history=[(None, 0.0), ('Completely\n Agree', 4.594), ('Completely\n Agree', 5.782)]
1175.7174 	DATA 	Mouse:  Left button up, pos=(761,206)
1178.4868 	DATA 	Mouse: Left button down, pos=(933,232)
1178.5530 	DATA 	Mouse:  Left button up, pos=(933,232)
1179.1714 	DATA 	Mouse: Left button down, pos=(773,205)
1179.1721 	DATA 	RatingScale GSI: (mouse response) rating=Strongly
 Agree
1179.2235 	DATA 	Mouse:  Left button up, pos=(773,205)
1181.6117 	DATA 	Mouse: Left button down, pos=(1019,238)
1181.6613 	DATA 	Mouse:  Left button up, pos=(1019,238)
1183.1495 	DATA 	Mouse: Left button down, pos=(933,243)
1183.2487 	DATA 	Mouse:  Left button up, pos=(933,243)
1184.1851 	DATA 	Mouse: Left button down, pos=(764,209)
1184.1859 	DATA 	RatingScale GSI: (mouse response) rating=Strongly
 Agree
1184.2367 	DATA 	Mouse:  Left button up, pos=(764,209)
1187.6774 	DATA 	Mouse: Left button down, pos=(773,206)
1187.6782 	DATA 	RatingScale GSI: (mouse response) rating=Strongly
 Agree
1187.7443 	DATA 	Mouse:  Left button up, pos=(773,206)
1189.6656 	DATA 	Mouse: Left button down, pos=(1066,228)
1189.7332 	DATA 	Mouse:  Left button up, pos=(1066,228)
1190.3347 	DATA 	Mouse: Left button down, pos=(749,201)
1190.3356 	DATA 	RatingScale GSI: (mouse response) rating=Completely
 Agree
1190.4014 	DATA 	Mouse:  Left button up, pos=(749,201)
1192.9581 	DATA 	Mouse: Left button down, pos=(746,196)
1192.9590 	DATA 	RatingScale GSI: (mouse response) rating=Completely
 Agree
1193.0068 	DATA 	Mouse:  Left button up, pos=(746,196)
1195.7651 	DATA 	Mouse: Left button down, pos=(744,203)
1195.7658 	DATA 	RatingScale GSI: (mouse response) rating=Completely
 Agree
1195.8175 	DATA 	Mouse:  Left button up, pos=(744,203)
1198.3227 	DATA 	Mouse: Left button down, pos=(744,203)
1198.3235 	DATA 	RatingScale GSI: (mouse response) rating=Completely
 Agree
1198.3776 	DATA 	Mouse:  Left button up, pos=(744,203)
1203.7374 	DATA 	Mouse: Left button down, pos=(509,233)
1203.7869 	DATA 	Mouse:  Left button up, pos=(509,233)
1204.5072 	DATA 	Mouse: Left button down, pos=(714,216)
1204.5080 	DATA 	RatingScale GSI: (mouse response) rating=Strongly
 Disagree
1204.5969 	DATA 	Mouse:  Left button up, pos=(714,216)
1217.2405 	DATA 	Mouse: Left button down, pos=(1023,243)
1217.2890 	DATA 	Mouse:  Left button up, pos=(1023,243)
1217.9423 	DATA 	Mouse: Left button down, pos=(766,217)
1217.9432 	DATA 	RatingScale GSI: (mouse response) rating=Completely
 Agree
1217.9991 	DATA 	Mouse:  Left button up, pos=(766,217)
1222.3030 	DATA 	Mouse: Left button down, pos=(517,251)
1222.3868 	DATA 	Mouse:  Left button up, pos=(517,251)
1223.1056 	DATA 	Mouse: Left button down, pos=(392,237)
1223.1721 	DATA 	Mouse:  Left button up, pos=(392,237)
1224.9608 	DATA 	Mouse: Left button down, pos=(710,196)
1224.9619 	DATA 	RatingScale GSI: (mouse response) rating=Completely
 Disagree
1225.0343 	DATA 	Mouse:  Left button up, pos=(710,196)
1227.5999 	DATA 	Mouse: Left button down, pos=(1004,216)
1227.6512 	DATA 	Mouse:  Left button up, pos=(1004,216)
1228.1020 	DATA 	Mouse: Left button down, pos=(1024,218)
1228.1863 	DATA 	Mouse:  Left button up, pos=(1024,218)
1228.7200 	DATA 	Mouse: Left button down, pos=(1032,260)
1228.8213 	DATA 	Mouse:  Left button up, pos=(1032,260)
1229.4560 	DATA 	Mouse: Left button down, pos=(726,210)
1229.4569 	DATA 	RatingScale GSI: (mouse response) rating=Completely
 Agree
1229.5268 	DATA 	Mouse:  Left button up, pos=(726,210)
1237.9787 	DATA 	Mouse: Left button down, pos=(511,249)
1238.0449 	DATA 	Mouse:  Left button up, pos=(511,249)
1239.3986 	DATA 	Mouse: Left button down, pos=(715,199)
1239.3994 	DATA 	RatingScale GSI: (mouse response) rating=Strongly
 Disagree
1239.4661 	DATA 	Mouse:  Left button up, pos=(715,199)
1243.4260 	DATA 	Mouse: Left button down, pos=(415,237)
1243.5100 	DATA 	Mouse:  Left button up, pos=(415,237)
1245.2813 	DATA 	Mouse: Left button down, pos=(709,199)
1245.2820 	DATA 	RatingScale GSI: (mouse response) rating=Completely
 Disagree
1245.3695 	DATA 	Mouse:  Left button up, pos=(709,199)
1248.1053 	DATA 	Mouse: Left button down, pos=(935,229)
1248.1576 	DATA 	Mouse:  Left button up, pos=(935,229)
1248.9909 	DATA 	Mouse: Left button down, pos=(758,202)
1248.9916 	DATA 	RatingScale GSI: (mouse response) rating=Strongly
 Agree
1249.0355 	DATA 	Mouse:  Left button up, pos=(758,202)
1250.7807 	DATA 	Mouse: Left button down, pos=(1045,231)
1250.8464 	DATA 	Mouse:  Left button up, pos=(1045,231)
1252.2008 	DATA 	Mouse: Left button down, pos=(761,208)
1252.2015 	DATA 	RatingScale GSI: (mouse response) rating=Completely
 Agree
1252.2533 	DATA 	Mouse:  Left button up, pos=(761,208)
1255.1741 	DATA 	Mouse: Left button down, pos=(413,239)
1255.2244 	DATA 	Mouse:  Left button up, pos=(413,239)
1255.7934 	DATA 	Mouse: Left button down, pos=(683,203)
1255.7943 	DATA 	RatingScale GSI: (mouse response) rating=Completely
 Disagree
1255.8554 	DATA 	Mouse:  Left button up, pos=(683,203)
1259.8199 	DATA 	Mouse: Left button down, pos=(1021,241)
1259.8701 	DATA 	Mouse:  Left button up, pos=(1021,241)
1260.5224 	DATA 	Mouse: Left button down, pos=(779,207)
1260.5231 	DATA 	RatingScale GSI: (mouse response) rating=Completely
 Agree
1260.5744 	DATA 	Mouse:  Left button up, pos=(779,207)
1262.3768 	DATA 	Mouse: Left button down, pos=(779,207)
1262.3775 	DATA 	RatingScale GSI: (mouse response) rating=Completely
 Agree
1262.4216 	DATA 	Mouse:  Left button up, pos=(779,207)
1264.0814 	DATA 	Mouse: Left button down, pos=(779,207)
1264.0823 	DATA 	RatingScale GSI: (mouse response) rating=Completely
 Agree
1264.1368 	DATA 	Mouse:  Left button up, pos=(779,207)
1266.3208 	DATA 	Mouse: Left button down, pos=(421,237)
1266.3877 	DATA 	Mouse:  Left button up, pos=(421,237)
1266.9563 	DATA 	Mouse: Left button down, pos=(524,232)
1267.0226 	DATA 	Mouse:  Left button up, pos=(524,232)
1267.5083 	DATA 	Mouse: Left button down, pos=(670,206)
1267.5089 	DATA 	RatingScale GSI: (mouse response) rating=Strongly
 Disagree
1267.5720 	DATA 	Mouse:  Left button up, pos=(670,206)
1270.6001 	DATA 	Mouse: Left button down, pos=(996,249)
1270.6821 	DATA 	Mouse:  Left button up, pos=(996,249)
1271.3684 	DATA 	Mouse: Left button down, pos=(766,202)
1271.3692 	DATA 	RatingScale GSI: (mouse response) rating=Completely
 Agree
1271.3986 	DATA 	Mouse:  Left button up, pos=(766,202)
1272.9227 	DATA 	Mouse: Left button down, pos=(766,202)
1272.9231 	DATA 	Mouse:  Left button up, pos=(766,202)
1273.5567 	DATA 	Mouse: Left button down, pos=(422,223)
1273.6233 	DATA 	Mouse:  Left button up, pos=(422,223)
1274.2256 	DATA 	Mouse: Left button down, pos=(668,213)
1274.2264 	DATA 	RatingScale GSI: (mouse response) rating=Completely
 Disagree
1274.3198 	DATA 	Mouse:  Left button up, pos=(668,213)
1276.2472 	DATA 	Mouse: Left button down, pos=(839,248)
1276.3300 	DATA 	Mouse:  Left button up, pos=(839,248)
1276.8491 	DATA 	Mouse: Left button down, pos=(767,208)
1276.8498 	DATA 	RatingScale GSI: (mouse response) rating=Agree
1276.9160 	DATA 	Mouse:  Left button up, pos=(767,208)
1279.1565 	DATA 	Mouse: Left button down, pos=(768,208)
1279.1570 	DATA 	Mouse:  Left button up, pos=(768,208)
1279.7230 	DATA 	Mouse: Left button down, pos=(425,239)
1279.7904 	DATA 	Mouse:  Left button up, pos=(425,239)
1280.2580 	DATA 	Mouse: Left button down, pos=(494,237)
1280.3237 	DATA 	Mouse:  Left button up, pos=(494,237)
1280.9444 	DATA 	Mouse: Left button down, pos=(667,212)
1280.9453 	DATA 	RatingScale GSI: (mouse response) rating=Strongly
 Disagree
1281.0474 	DATA 	Mouse:  Left button up, pos=(667,212)
1283.6835 	DATA 	Mouse: Left button down, pos=(1029,236)
1283.7504 	DATA 	Mouse:  Left button up, pos=(1029,236)
1284.3190 	DATA 	Mouse: Left button down, pos=(757,203)
1284.3198 	DATA 	RatingScale GSI: (mouse response) rating=Completely
 Agree
1284.3696 	DATA 	Mouse:  Left button up, pos=(757,203)
1286.3070 	DATA 	Mouse: Left button down, pos=(415,246)
1286.3749 	DATA 	Mouse:  Left button up, pos=(415,246)
1287.3939 	DATA 	Mouse: Left button down, pos=(717,207)
1287.3949 	DATA 	RatingScale GSI: (mouse response) rating=Completely
 Disagree
1287.4753 	DATA 	Mouse:  Left button up, pos=(717,207)
1292.8915 	DATA 	Mouse: Left button down, pos=(921,234)
1292.9424 	DATA 	Mouse:  Left button up, pos=(921,234)
1293.4428 	DATA 	Mouse: Left button down, pos=(777,205)
1293.4435 	DATA 	RatingScale GSI: (mouse response) rating=Strongly
 Agree
1293.4955 	DATA 	Mouse:  Left button up, pos=(777,205)
1296.4843 	DATA 	Mouse: Left button down, pos=(756,208)
1296.4851 	DATA 	RatingScale GSI: (mouse response) rating=Strongly
 Agree
1296.5366 	DATA 	Mouse:  Left button up, pos=(756,208)
1298.9915 	DATA 	Mouse: Left button down, pos=(1069,238)
1299.0581 	DATA 	Mouse:  Left button up, pos=(1069,238)
1299.6104 	DATA 	Mouse: Left button down, pos=(749,199)
1299.6112 	DATA 	RatingScale GSI: (mouse response) rating=Completely
 Agree
1299.6662 	DATA 	Mouse:  Left button up, pos=(749,199)
1302.3337 	DATA 	Mouse: Left button down, pos=(749,199)
1302.3344 	DATA 	RatingScale GSI: (mouse response) rating=Completely
 Agree
1302.3784 	DATA 	Mouse:  Left button up, pos=(749,199)
1308.4495 	DATA 	Mouse: Left button down, pos=(942,244)
1308.5169 	DATA 	Mouse:  Left button up, pos=(942,244)
1309.1354 	DATA 	Mouse: Left button down, pos=(745,185)
1309.1854 	DATA 	Mouse:  Left button up, pos=(745,185)
1309.5373 	DATA 	Mouse: Left button down, pos=(745,192)
1309.6360 	DATA 	Mouse:  Left button up, pos=(745,192)
1311.9597 	DATA 	Mouse: Left button down, pos=(729,209)
1311.9605 	DATA 	RatingScale GSI: (mouse response) rating=6-9
1311.9605 	DATA 	RatingScale GSI: rating RT=9.355
1311.9605 	DATA 	RatingScale GSI: history=[(None, 0.0), ('6-9', 5.845), ('6-9', 9.355)]
1312.0215 	DATA 	Mouse:  Left button up, pos=(729,209)
1317.5909 	DATA 	Mouse: Left button down, pos=(827,256)
1317.6742 	DATA 	Mouse:  Left button up, pos=(827,256)
1318.2593 	DATA 	Mouse: Left button down, pos=(756,215)
1318.2600 	DATA 	RatingScale GSI: (mouse response) rating=2
1318.2601 	DATA 	RatingScale GSI: rating RT=6.034
1318.2601 	DATA 	RatingScale GSI: history=[(None, 0.0), ('2', 5.365), ('2', 6.034)]
1318.3453 	DATA 	Mouse:  Left button up, pos=(756,215)
1321.9520 	DATA 	Mouse: Left button down, pos=(1043,250)
1322.0369 	DATA 	Mouse:  Left button up, pos=(1043,250)
1322.6208 	DATA 	Mouse: Left button down, pos=(766,215)
1322.6215 	DATA 	RatingScale GSI: (mouse response) rating=11+
1322.6215 	DATA 	RatingScale GSI: rating RT=4.101
1322.6215 	DATA 	RatingScale GSI: history=[(None, 0.0), ('11+', 3.432), ('11+', 4.101)]
1322.6982 	DATA 	Mouse:  Left button up, pos=(766,215)
1325.3114 	DATA 	Mouse: Left button down, pos=(932,252)
1325.3952 	DATA 	Mouse:  Left button up, pos=(932,252)
1325.9297 	DATA 	Mouse: Left button down, pos=(756,195)
1325.9304 	DATA 	RatingScale GSI: (mouse response) rating=4-6
1325.9305 	DATA 	RatingScale GSI: rating RT=3.053
1325.9305 	DATA 	RatingScale GSI: history=[(None, 0.0), ('4-6', 2.434), ('4-6', 3.052)]
1325.9922 	DATA 	Mouse:  Left button up, pos=(756,195)
1326.3636 	DATA 	Mouse: Left button down, pos=(756,195)
1326.3641 	DATA 	Mouse:  Left button up, pos=(756,195)
1329.4055 	DATA 	Mouse: Left button down, pos=(1046,233)
1329.4734 	DATA 	Mouse:  Left button up, pos=(1046,233)
1330.0907 	DATA 	Mouse: Left button down, pos=(754,200)
1330.0915 	DATA 	RatingScale GSI: (mouse response) rating=10+
1330.0915 	DATA 	RatingScale GSI: rating RT=3.888
1330.0915 	DATA 	RatingScale GSI: history=[(None, 0.0), ('10+', 3.203), ('10+', 3.888)]
1330.1594 	DATA 	Mouse:  Left button up, pos=(754,200)
1332.0630 	DATA 	Mouse: Left button down, pos=(826,241)
1332.1295 	DATA 	Mouse:  Left button up, pos=(826,241)
1332.5810 	DATA 	Mouse: Left button down, pos=(768,209)
1332.5818 	DATA 	RatingScale GSI: (mouse response) rating=4
1332.5819 	DATA 	RatingScale GSI: rating RT=2.237
1332.5819 	DATA 	RatingScale GSI: history=[(None, 0.0), ('4', 1.719), ('4', 2.237)]
1332.6477 	DATA 	Mouse:  Left button up, pos=(768,209)
1338.2465 	DATA 	Mouse: Left button down, pos=(729,246)
1338.3131 	DATA 	Mouse:  Left button up, pos=(729,246)
1338.8485 	DATA 	Mouse: Left button down, pos=(725,207)
1338.8493 	DATA 	RatingScale GSI: (mouse response) rating=60-90mins
1338.8493 	DATA 	RatingScale GSI: rating RT=6.006
1338.8493 	DATA 	RatingScale GSI: history=[(None, 0.0), ('60-90mins', 5.404), ('60-90mins', 6.006)]
1338.9358 	DATA 	Mouse:  Left button up, pos=(725,207)
