63.8861 	WARNING 	User requested fullscreen with size [800 600], but screen is actually [1440, 900]. Using actual size
116.1072 	DATA 	Keypress: space
118.3658 	DATA 	Keypress: backspace
118.7579 	DATA 	Keypress: space
119.0156 	DATA 	Keypress: backspace
119.1750 	DATA 	Keypress: space
127.7501 	DATA 	Keypress: space
132.5140 	DATA 	Keypress: space
136.1808 	DATA 	Keypress: space
141.5228 	DATA 	Keypress: space
146.5397 	DATA 	Keypress: space
156.9265 	DATA 	Keypress: space
161.2734 	DATA 	Keypress: space
165.2890 	DATA 	Keypress: space
169.9588 	DATA 	Keypress: space
174.8803 	DATA 	Keypress: space
179.7154 	DATA 	Keypress: space
184.6651 	DATA 	Keypress: space
197.2515 	DATA 	Keypress: space
213.4826 	DATA 	Keypress: space
222.4775 	DATA 	Keypress: n
225.7495 	DATA 	Keypress: space
235.3779 	DATA 	Keypress: y
237.3559 	DATA 	Keypress: space
249.6494 	DATA 	Keypress: n
251.5071 	DATA 	Keypress: space
261.8825 	DATA 	Keypress: y
279.0656 	DATA 	Keypress: space
282.2980 	DATA 	Keypress: space
286.2086 	DATA 	Keypress: space
290.9217 	DATA 	Keypress: space
295.1187 	DATA 	Keypress: space
311.9007 	DATA 	Keypress: n
315.9241 	DATA 	Keypress: space
326.5884 	DATA 	Keypress: y
328.6146 	DATA 	Keypress: space
338.8046 	DATA 	Keypress: n
340.8731 	DATA 	Keypress: space
349.8497 	DATA 	Keypress: n
352.6310 	DATA 	Keypress: space
362.8349 	DATA 	Keypress: y
364.7607 	DATA 	Keypress: space
381.7870 	DATA 	Keypress: n
385.6606 	DATA 	Keypress: space
397.1439 	DATA 	Keypress: y
398.9093 	DATA 	Keypress: space
407.8381 	DATA 	Keypress: n
409.6243 	DATA 	Keypress: space
419.5195 	DATA 	Keypress: n
421.7911 	DATA 	Keypress: space
431.3685 	DATA 	Keypress: n
433.1122 	DATA 	Keypress: space
443.1331 	DATA 	Keypress: n
444.7577 	DATA 	Keypress: space
456.4374 	DATA 	Keypress: n
458.2851 	DATA 	Keypress: space
468.8011 	DATA 	Keypress: y
470.5655 	DATA 	Keypress: space
479.4634 	DATA 	Keypress: y
481.4900 	DATA 	Keypress: space
491.5121 	DATA 	Keypress: n
493.3181 	DATA 	Keypress: space
502.4083 	DATA 	Keypress: y
504.0646 	DATA 	Keypress: space
516.3283 	DATA 	Keypress: y
518.0014 	DATA 	Keypress: space
528.4613 	DATA 	Keypress: y
530.1597 	DATA 	Keypress: space
541.6983 	DATA 	Keypress: n
543.4649 	DATA 	Keypress: space
552.3911 	DATA 	Keypress: y
554.2828 	DATA 	Keypress: space
565.1926 	DATA 	Keypress: y
566.6783 	DATA 	Keypress: space
576.8730 	DATA 	Keypress: n
578.2942 	DATA 	Keypress: space
588.0534 	DATA 	Keypress: n
589.8722 	DATA 	Keypress: space
598.5807 	DATA 	Keypress: y
600.0092 	DATA 	Keypress: space
609.5967 	DATA 	Keypress: n
611.3442 	DATA 	Keypress: space
620.7065 	DATA 	Keypress: y
622.4258 	DATA 	Keypress: space
631.9698 	DATA 	Keypress: y
633.4802 	DATA 	Keypress: space
643.2344 	DATA 	Keypress: n
644.8643 	DATA 	Keypress: space
656.3687 	DATA 	Keypress: n
658.3320 	DATA 	Keypress: space
669.4029 	DATA 	Keypress: n
670.8291 	DATA 	Keypress: space
683.0089 	DATA 	Keypress: n
684.3930 	DATA 	Keypress: space
694.2703 	DATA 	Keypress: y
696.0292 	DATA 	Keypress: space
705.5337 	DATA 	Keypress: n
706.8338 	DATA 	Keypress: space
717.4160 	DATA 	Keypress: y
718.7956 	DATA 	Keypress: space
729.8151 	DATA 	Keypress: n
731.2585 	DATA 	Keypress: space
741.7977 	DATA 	Keypress: y
743.2796 	DATA 	Keypress: space
753.0950 	DATA 	Keypress: y
754.3090 	DATA 	Keypress: y
754.8486 	DATA 	Keypress: space
763.6391 	DATA 	Keypress: y
765.0881 	DATA 	Keypress: space
775.6711 	DATA 	Keypress: n
777.4215 	DATA 	Keypress: space
788.5387 	DATA 	Keypress: n
789.9189 	DATA 	Keypress: space
799.9861 	DATA 	Keypress: n
801.2580 	DATA 	Keypress: space
810.2633 	DATA 	Keypress: n
811.6406 	DATA 	Keypress: space
825.8212 	DATA 	Keypress: n
829.5935 	DATA 	Keypress: space
841.8492 	DATA 	Keypress: n
843.3997 	DATA 	Keypress: space
856.2209 	DATA 	Keypress: y
857.9967 	DATA 	Keypress: space
868.6359 	DATA 	Keypress: n
870.1578 	DATA 	Keypress: space
878.8131 	DATA 	Keypress: y
880.1056 	DATA 	Keypress: space
889.8458 	DATA 	Keypress: y
891.1315 	DATA 	Keypress: space
900.0703 	DATA 	Keypress: y
901.6507 	DATA 	Keypress: space
910.8990 	DATA 	Keypress: y
912.2832 	DATA 	Keypress: space
921.1760 	DATA 	Keypress: y
922.8200 	DATA 	Keypress: space
932.3731 	DATA 	Keypress: n
933.7559 	DATA 	Keypress: space
942.2834 	DATA 	Keypress: y
943.5311 	DATA 	Keypress: space
952.8109 	DATA 	Keypress: y
954.5479 	DATA 	Keypress: space
964.4920 	DATA 	Keypress: y
965.9940 	DATA 	Keypress: space
974.5523 	DATA 	Keypress: y
976.2508 	DATA 	Keypress: space
986.6514 	DATA 	Keypress: n
987.8938 	DATA 	Keypress: space
997.2959 	DATA 	Keypress: n
998.6328 	DATA 	Keypress: space
1008.1751 	DATA 	Keypress: y
1009.4226 	DATA 	Keypress: space
1020.1073 	DATA 	Keypress: y
1021.9543 	DATA 	Keypress: space
1032.1723 	DATA 	Keypress: y
1033.5815 	DATA 	Keypress: space
1043.2355 	DATA 	Keypress: n
1045.0092 	DATA 	Keypress: space
1054.4488 	DATA 	Keypress: n
1056.0014 	DATA 	Keypress: space
1065.6293 	DATA 	Keypress: n
1067.0452 	DATA 	Keypress: space
1079.6999 	DATA 	Keypress: n
1081.0962 	DATA 	Keypress: space
1092.3332 	DATA 	Keypress: y
1093.8455 	DATA 	Keypress: space
1104.2486 	DATA 	Keypress: n
1105.5395 	DATA 	Keypress: space
1116.4984 	DATA 	Keypress: y
1118.2303 	DATA 	Keypress: space
1128.6455 	DATA 	Keypress: n
1130.1733 	DATA 	Keypress: space
1139.1588 	DATA 	Keypress: n
1140.4607 	DATA 	Keypress: space
1149.1514 	DATA 	Keypress: y
1150.3362 	DATA 	Keypress: space
1161.4346 	DATA 	Keypress: n
1163.1014 	DATA 	Keypress: space
1174.5026 	DATA 	Keypress: n
1175.7830 	DATA 	Keypress: space
1178.3027 	DATA 	Keypress: space
1181.0919 	DATA 	Keypress: space
1184.6638 	DATA 	Keypress: space
1195.2771 	DATA 	Mouse: Left button down, pos=(892,270)
1195.3609 	DATA 	Mouse:  Left button up, pos=(892,270)
1196.8654 	DATA 	Mouse: Left button down, pos=(831,272)
1197.0145 	DATA 	Mouse:  Left button up, pos=(831,272)
1197.8181 	DATA 	Mouse: Left button down, pos=(900,263)
1197.9674 	DATA 	Mouse:  Left button up, pos=(900,263)
1199.0542 	DATA 	Mouse: Left button down, pos=(746,203)
1199.0548 	DATA 	RatingScale GSI: (mouse response) rating=Strongly
 Agree
1199.0548 	DATA 	RatingScale GSI: rating RT=14.377
1199.0548 	DATA 	RatingScale GSI: history=[(None, 0.0), ('Strongly\n Agree', 10.6), ('Agree', 12.188), ('Strongly\n Agree', 13.141), ('Strongly\n Agree', 14.377)]
1199.1559 	DATA 	Mouse:  Left button up, pos=(746,203)
1206.5751 	DATA 	Mouse: Left button down, pos=(807,256)
1206.6744 	DATA 	Mouse:  Left button up, pos=(807,256)
1208.2797 	DATA 	Mouse: Left button down, pos=(772,207)
1208.2805 	DATA 	RatingScale GSI: (mouse response) rating=Agree
1208.3984 	DATA 	Mouse:  Left button up, pos=(772,207)
1211.4542 	DATA 	Mouse: Left button down, pos=(388,264)
1211.4710 	DATA 	Mouse:  Left button up, pos=(388,264)
1215.4490 	DATA 	Mouse: Left button down, pos=(726,197)
1215.4497 	DATA 	RatingScale GSI: (mouse response) rating=Completely
 Disagree
1215.5421 	DATA 	Mouse:  Left button up, pos=(726,197)
1219.8597 	DATA 	Mouse: Left button down, pos=(524,253)
1219.9931 	DATA 	Mouse:  Left button up, pos=(524,253)
1223.8036 	DATA 	Mouse: Left button down, pos=(626,261)
1223.9036 	DATA 	Mouse:  Left button up, pos=(626,261)
1224.9400 	DATA 	Mouse: Left button down, pos=(689,208)
1224.9407 	DATA 	RatingScale GSI: (mouse response) rating=Disagree
1225.0463 	DATA 	Mouse:  Left button up, pos=(689,208)
1228.0986 	DATA 	Mouse: Left button down, pos=(543,249)
1228.2493 	DATA 	Mouse:  Left button up, pos=(543,249)
1229.6865 	DATA 	Mouse: Left button down, pos=(666,209)
1229.6871 	DATA 	RatingScale GSI: (mouse response) rating=Strongly
 Disagree
1229.7730 	DATA 	Mouse:  Left button up, pos=(666,209)
1233.0287 	DATA 	Mouse: Left button down, pos=(960,298)
1233.1288 	DATA 	Mouse:  Left button up, pos=(960,298)
1234.0639 	DATA 	Mouse: Left button down, pos=(746,206)
1234.0647 	DATA 	RatingScale GSI: (mouse response) rating=Strongly
 Agree
1234.1558 	DATA 	Mouse:  Left button up, pos=(746,206)
1237.6753 	DATA 	Mouse: Left button down, pos=(613,262)
1237.7907 	DATA 	Mouse:  Left button up, pos=(613,262)
1239.6291 	DATA 	Mouse: Left button down, pos=(734,204)
1239.6297 	DATA 	RatingScale GSI: (mouse response) rating=Disagree
1239.7283 	DATA 	Mouse:  Left button up, pos=(734,204)
1243.1561 	DATA 	Mouse: Left button down, pos=(810,251)
1243.2718 	DATA 	Mouse:  Left button up, pos=(810,251)
1244.3091 	DATA 	Mouse: Left button down, pos=(749,198)
1244.3099 	DATA 	RatingScale GSI: (mouse response) rating=Agree
1244.4042 	DATA 	Mouse:  Left button up, pos=(749,198)
1247.4498 	DATA 	Mouse: Left button down, pos=(370,277)
1247.5341 	DATA 	Mouse:  Left button up, pos=(370,277)
1248.7044 	DATA 	Mouse: Left button down, pos=(691,197)
1248.7050 	DATA 	RatingScale GSI: (mouse response) rating=Completely
 Disagree
1248.8151 	DATA 	Mouse:  Left button up, pos=(691,197)
1252.7643 	DATA 	Mouse: Left button down, pos=(505,267)
1252.8656 	DATA 	Mouse:  Left button up, pos=(505,267)
1253.9674 	DATA 	Mouse: Left button down, pos=(673,213)
1253.9682 	DATA 	RatingScale GSI: (mouse response) rating=Strongly
 Disagree
1254.0751 	DATA 	Mouse:  Left button up, pos=(673,213)
1258.8648 	DATA 	Mouse: Left button down, pos=(609,258)
1258.9990 	DATA 	Mouse:  Left button up, pos=(609,258)
1259.8158 	DATA 	Mouse: Left button down, pos=(697,205)
1259.8166 	DATA 	RatingScale GSI: (mouse response) rating=Disagree
1259.9212 	DATA 	Mouse:  Left button up, pos=(697,205)
1265.7314 	DATA 	Mouse: Left button down, pos=(832,257)
1265.8328 	DATA 	Mouse:  Left button up, pos=(832,257)
1270.1273 	DATA 	Mouse: Left button down, pos=(726,204)
1270.1280 	DATA 	RatingScale GSI: (mouse response) rating=Agree
1270.2155 	DATA 	Mouse:  Left button up, pos=(726,204)
1273.5365 	DATA 	Mouse: Left button down, pos=(620,273)
1273.6537 	DATA 	Mouse:  Left button up, pos=(620,273)
1275.6592 	DATA 	Mouse: Left button down, pos=(728,205)
1275.6598 	DATA 	RatingScale GSI: (mouse response) rating=Disagree
1275.7682 	DATA 	Mouse:  Left button up, pos=(728,205)
1284.5990 	DATA 	Mouse: Left button down, pos=(828,273)
1284.7159 	DATA 	Mouse:  Left button up, pos=(828,273)
1285.4681 	DATA 	Mouse: Left button down, pos=(739,211)
1285.4687 	DATA 	RatingScale GSI: (mouse response) rating=Agree
1285.5712 	DATA 	Mouse:  Left button up, pos=(739,211)
1288.0923 	DATA 	Mouse: Left button down, pos=(1056,311)
1288.1749 	DATA 	Mouse:  Left button up, pos=(1056,311)
1289.5630 	DATA 	Mouse: Left button down, pos=(754,199)
1289.5635 	DATA 	RatingScale GSI: (mouse response) rating=Completely
 Agree
1289.6614 	DATA 	Mouse:  Left button up, pos=(754,199)
1291.5841 	DATA 	Mouse: Left button down, pos=(754,199)
1291.5847 	DATA 	RatingScale GSI: (mouse response) rating=Completely
 Agree
1291.6602 	DATA 	Mouse:  Left button up, pos=(754,199)
1295.8464 	DATA 	Mouse: Left button down, pos=(942,270)
1295.9792 	DATA 	Mouse:  Left button up, pos=(942,270)
1296.8151 	DATA 	Mouse: Left button down, pos=(758,206)
1296.8158 	DATA 	RatingScale GSI: (mouse response) rating=Strongly
 Agree
1296.8945 	DATA 	Mouse:  Left button up, pos=(758,206)
1300.2745 	DATA 	Mouse: Left button down, pos=(822,268)
1300.3745 	DATA 	Mouse:  Left button up, pos=(822,268)
1302.8146 	DATA 	Mouse: Left button down, pos=(726,203)
1302.8153 	DATA 	RatingScale GSI: (mouse response) rating=Agree
1302.9241 	DATA 	Mouse:  Left button up, pos=(726,203)
1306.1409 	DATA 	Mouse: Left button down, pos=(614,261)
1306.2235 	DATA 	Mouse:  Left button up, pos=(614,261)
1307.3112 	DATA 	Mouse: Left button down, pos=(751,217)
1307.3117 	DATA 	RatingScale GSI: (mouse response) rating=Disagree
1307.4547 	DATA 	Mouse:  Left button up, pos=(751,217)
1310.8363 	DATA 	Mouse: Left button down, pos=(936,278)
1310.9198 	DATA 	Mouse:  Left button up, pos=(936,278)
1313.4764 	DATA 	Mouse: Left button down, pos=(772,215)
1313.4770 	DATA 	RatingScale GSI: (mouse response) rating=Strongly
 Agree
1313.5593 	DATA 	Mouse:  Left button up, pos=(772,215)
1316.8524 	DATA 	Mouse: Left button down, pos=(509,259)
1316.9694 	DATA 	Mouse:  Left button up, pos=(509,259)
1317.7876 	DATA 	Mouse: Left button down, pos=(621,263)
1317.9047 	DATA 	Mouse:  Left button up, pos=(621,263)
1326.2269 	DATA 	Mouse: Left button down, pos=(824,267)
1326.3275 	DATA 	Mouse:  Left button up, pos=(824,267)
1327.6817 	DATA 	Mouse: Left button down, pos=(722,259)
1327.7814 	DATA 	Mouse:  Left button up, pos=(722,259)
1330.2709 	DATA 	Mouse: Left button down, pos=(827,265)
1330.4215 	DATA 	Mouse:  Left button up, pos=(827,265)
1331.3408 	DATA 	Mouse: Left button down, pos=(730,207)
1331.3414 	DATA 	RatingScale GSI: (mouse response) rating=Agree
1331.4510 	DATA 	Mouse:  Left button up, pos=(730,207)
1335.4017 	DATA 	Mouse: Left button down, pos=(729,273)
1335.5194 	DATA 	Mouse:  Left button up, pos=(729,273)
1340.3479 	DATA 	Mouse: Left button down, pos=(845,275)
1340.4653 	DATA 	Mouse:  Left button up, pos=(845,275)
1341.5845 	DATA 	Mouse: Left button down, pos=(730,204)
1341.5850 	DATA 	RatingScale GSI: (mouse response) rating=Agree
1341.6854 	DATA 	Mouse:  Left button up, pos=(730,204)
1344.4586 	DATA 	Mouse: Left button down, pos=(887,255)
1344.5765 	DATA 	Mouse:  Left button up, pos=(887,255)
1346.6814 	DATA 	Mouse: Left button down, pos=(763,212)
1346.6820 	DATA 	RatingScale GSI: (mouse response) rating=Strongly
 Agree
1346.7887 	DATA 	Mouse:  Left button up, pos=(763,212)
1350.7757 	DATA 	Mouse: Left button down, pos=(776,197)
1350.7763 	DATA 	RatingScale GSI: (mouse response) rating=Strongly
 Agree
1350.8904 	DATA 	Mouse:  Left button up, pos=(776,197)
1353.8340 	DATA 	Mouse: Left button down, pos=(1034,258)
1353.9520 	DATA 	Mouse:  Left button up, pos=(1034,258)
1354.9882 	DATA 	Mouse: Left button down, pos=(787,207)
1354.9889 	DATA 	RatingScale GSI: (mouse response) rating=Completely
 Agree
1355.0888 	DATA 	Mouse:  Left button up, pos=(787,207)
1357.7607 	DATA 	Mouse: Left button down, pos=(850,269)
1357.8775 	DATA 	Mouse:  Left button up, pos=(850,269)
1359.0475 	DATA 	Mouse: Left button down, pos=(725,206)
1359.0481 	DATA 	RatingScale GSI: (mouse response) rating=Agree
1359.1338 	DATA 	Mouse:  Left button up, pos=(725,206)
1361.4882 	DATA 	Mouse: Left button down, pos=(1026,266)
1361.6051 	DATA 	Mouse:  Left button up, pos=(1026,266)
1362.6586 	DATA 	Mouse: Left button down, pos=(756,202)
1362.6592 	DATA 	RatingScale GSI: (mouse response) rating=Completely
 Agree
1362.7431 	DATA 	Mouse:  Left button up, pos=(756,202)
1364.9979 	DATA 	Mouse: Left button down, pos=(756,202)
1365.0140 	DATA 	RatingScale GSI: (mouse response) rating=Completely
 Agree
1365.1096 	DATA 	Mouse:  Left button up, pos=(756,202)
1369.7433 	DATA 	Mouse: Left button down, pos=(800,280)
1369.8767 	DATA 	Mouse:  Left button up, pos=(800,280)
1370.8788 	DATA 	Mouse: Left button down, pos=(715,211)
1370.8794 	DATA 	RatingScale GSI: (mouse response) rating=Agree
1370.9808 	DATA 	Mouse:  Left button up, pos=(715,211)
1374.9074 	DATA 	Mouse: Left button down, pos=(636,257)
1375.0091 	DATA 	Mouse:  Left button up, pos=(636,257)
1375.9760 	DATA 	Mouse: Left button down, pos=(685,201)
1375.9767 	DATA 	RatingScale GSI: (mouse response) rating=Disagree
1376.0584 	DATA 	Mouse:  Left button up, pos=(685,201)
1378.4326 	DATA 	Mouse: Left button down, pos=(1071,290)
1378.5176 	DATA 	Mouse:  Left button up, pos=(1071,290)
1379.4016 	DATA 	Mouse: Left button down, pos=(782,203)
1379.4022 	DATA 	RatingScale GSI: (mouse response) rating=Completely
 Agree
1379.4913 	DATA 	Mouse:  Left button up, pos=(782,203)
1384.8662 	DATA 	Mouse: Left button down, pos=(385,253)
1384.9502 	DATA 	Mouse:  Left button up, pos=(385,253)
1386.2710 	DATA 	Mouse: Left button down, pos=(696,209)
1386.2716 	DATA 	RatingScale GSI: (mouse response) rating=0
1386.2716 	DATA 	RatingScale GSI: rating RT=6.592
1386.2716 	DATA 	RatingScale GSI: history=[(None, 0.0), ('0', 5.187), ('0', 6.592)]
1386.3507 	DATA 	Mouse:  Left button up, pos=(696,209)
1390.6483 	DATA 	Mouse: Left button down, pos=(387,285)
1390.7495 	DATA 	Mouse:  Left button up, pos=(387,285)
1392.3546 	DATA 	Mouse: Left button down, pos=(715,187)
1392.3550 	DATA 	Mouse:  Left button up, pos=(715,187)
1393.8580 	DATA 	Mouse: Left button down, pos=(728,214)
1393.8587 	DATA 	RatingScale GSI: (mouse response) rating=0
1393.8587 	DATA 	RatingScale GSI: rating RT=7.326
1393.8588 	DATA 	RatingScale GSI: history=[(None, 0.0), ('0', 4.116), ('0', 7.326)]
1393.9324 	DATA 	Mouse:  Left button up, pos=(728,214)
1407.1593 	DATA 	Mouse: Left button down, pos=(587,262)
1407.3274 	DATA 	Mouse:  Left button up, pos=(587,262)
1408.8984 	DATA 	Mouse: Left button down, pos=(720,263)
1408.9976 	DATA 	Mouse:  Left button up, pos=(720,263)
1409.8334 	DATA 	Mouse: Left button down, pos=(720,204)
1409.8339 	DATA 	RatingScale GSI: (mouse response) rating=3
1409.8340 	DATA 	RatingScale GSI: rating RT=15.712
1409.8340 	DATA 	RatingScale GSI: history=[(None, 0.0), ('2', 13.037), ('3', 14.777), ('3', 15.712)]
1409.9114 	DATA 	Mouse:  Left button up, pos=(720,204)
1413.7937 	DATA 	Mouse: Left button down, pos=(376,285)
1413.8615 	DATA 	Mouse:  Left button up, pos=(376,285)
1415.3159 	DATA 	Mouse: Left button down, pos=(664,208)
1415.3165 	DATA 	RatingScale GSI: (mouse response) rating=0
1415.3165 	DATA 	RatingScale GSI: rating RT=5.225
1415.3165 	DATA 	RatingScale GSI: history=[(None, 0.0), ('0', 3.702), ('0', 5.225)]
1415.4169 	DATA 	Mouse:  Left button up, pos=(664,208)
1417.7034 	DATA 	Mouse: Left button down, pos=(410,273)
1417.8391 	DATA 	Mouse:  Left button up, pos=(410,273)
1419.6103 	DATA 	Mouse: Left button down, pos=(737,194)
1419.6109 	DATA 	RatingScale GSI: (mouse response) rating=0
1419.6110 	DATA 	RatingScale GSI: rating RT=4.026
1419.6110 	DATA 	RatingScale GSI: history=[(None, 0.0), ('0', 2.119), ('0', 4.026)]
1419.6986 	DATA 	Mouse:  Left button up, pos=(737,194)
1422.0650 	DATA 	Mouse: Left button down, pos=(394,272)
1422.1340 	DATA 	Mouse:  Left button up, pos=(394,272)
1423.0524 	DATA 	Mouse: Left button down, pos=(681,219)
1423.0531 	DATA 	RatingScale GSI: (mouse response) rating=0
1423.0531 	DATA 	RatingScale GSI: rating RT=3.189
1423.0531 	DATA 	RatingScale GSI: history=[(None, 0.0), ('0', 2.202), ('0', 3.189)]
1423.1435 	DATA 	Mouse:  Left button up, pos=(681,219)
1425.8928 	DATA 	Mouse: Left button down, pos=(1057,244)
1425.8932 	DATA 	Mouse:  Left button up, pos=(1057,244)
1425.9928 	DATA 	Mouse: Left button down, pos=(1057,244)
1426.0929 	DATA 	Mouse:  Left button up, pos=(1057,244)
1430.4051 	DATA 	Mouse: Left button down, pos=(766,206)
1430.4057 	DATA 	RatingScale GSI: (mouse response) rating=4+hours
1430.4057 	DATA 	RatingScale GSI: rating RT=7.090
1430.4057 	DATA 	RatingScale GSI: history=[(None, 0.0), ('4+hours', 2.677), ('4+hours', 7.09)]
1430.4656 	DATA 	Mouse:  Left button up, pos=(766,206)
