12.7052 	ERROR 	Requested audio device 'auto' that is not available on this hardware. The 'audioDevice' preference should be one of ['Built-in Output', 'HDMI']
18.8563 	WARNING 	User requested fullscreen with size [800 600], but screen is actually [1920, 1080]. Using actual size
22.6399 	DATA 	Keypress: space
23.0145 	DATA 	Keypress: space
23.3434 	DATA 	Keypress: space
23.5540 	DATA 	Keypress: space
23.7100 	DATA 	Keypress: space
23.8617 	DATA 	Keypress: space
24.0373 	DATA 	Keypress: space
24.2345 	DATA 	Keypress: space
24.4203 	DATA 	Keypress: space
24.6106 	DATA 	Keypress: space
24.7963 	DATA 	Keypress: space
24.9639 	DATA 	Keypress: space
25.1406 	DATA 	Keypress: space
8.0241 	ERROR 	Requested audio device 'auto' that is not available on this hardware. The 'audioDevice' preference should be one of ['Built-in Output', 'HDMI']
7.2253 	ERROR 	Requested audio device 'auto' that is not available on this hardware. The 'audioDevice' preference should be one of ['Built-in Output', 'HDMI']
18.1799 	WARNING 	User requested fullscreen with size [800 600], but screen is actually [1920, 1080]. Using actual size
21.1167 	DATA 	Keypress: space
21.2733 	DATA 	Keypress: space
21.4433 	DATA 	Keypress: space
21.5933 	DATA 	Keypress: space
21.7203 	DATA 	Keypress: space
21.8514 	DATA 	Keypress: space
21.9872 	DATA 	Keypress: space
22.1242 	DATA 	Keypress: space
22.2681 	DATA 	Keypress: space
22.4212 	DATA 	Keypress: space
22.7348 	DATA 	Keypress: space
23.0867 	DATA 	Keypress: space
23.9783 	DATA 	Keypress: space
34.9604 	DATA 	Keypress: y
38.4575 	DATA 	Keypress: space
50.9854 	DATA 	Keypress: n
53.2038 	DATA 	Keypress: space
64.2783 	DATA 	Keypress: n
67.7246 	DATA 	Keypress: space
79.5496 	DATA 	Keypress: n
81.6185 	DATA 	Keypress: space
91.8828 	DATA 	Keypress: y
100.0721 	DATA 	Keypress: space
113.2363 	DATA 	Keypress: n
116.4051 	DATA 	Keypress: space
126.2312 	DATA 	Keypress: y
131.5397 	DATA 	Keypress: space
143.2160 	DATA 	Keypress: y
148.6904 	DATA 	Keypress: space
160.0465 	DATA 	Keypress: y
162.8246 	DATA 	Keypress: space
174.4496 	DATA 	Keypress: n
176.6236 	DATA 	Keypress: space
