9.8387 	ERROR 	Requested audio device 'auto' that is not available on this hardware. The 'audioDevice' preference should be one of ['Built-in Output', 'HDMI']
25.3099 	WARNING 	Monitor specification not found. Creating a temporary one...
25.3378 	WARNING 	User requested fullscreen with size [1024  768], but screen is actually [1920, 1080]. Using actual size
27.4247 	EXP 	Created window1 = Window(allowGUI=False, allowStencil=False, args=UNKNOWN, autoLog=True, bitsMode=UNKNOWN, blendMode='avg', color=array([0., 0., 0.]), colorSpace='rgb', fullscr=UNKNOWN, gamma=None, kwargs=UNKNOWN, lms=UNKNOWN, monitor=<psychopy.monitors.calibTools.Monitor object at 0x12a8567f0>, multiSample=False, name='window1', numSamples=2, pos=[0.0, 0.0], screen=0, size=array([1920, 1080]), stereo=False, units='norm', useFBO=True, useRetina=False, viewOri=0.0, viewPos=None, viewScale=None, waitBlanking=True, winType='pyglet')
27.4248 	EXP 	window1: recordFrameIntervals = False
27.5943 	EXP 	window1: recordFrameIntervals = True
27.6321 	WARNING 	t of last frame was 20.82ms (=1/48)
27.8118 	EXP 	window1: recordFrameIntervals = False
30.0554 	EXP 	Set  sound=C
30.1003 	EXP 	Set  sound=/Users/Stilts/Documents/GitHub/Congruency_Music_Language/tone_accent.wav
30.1005 	EXP 	Sound  set volume 1.000
31.1330 	EXP 	Created text = TextStim(__class__=<class 'psychopy.visual.text.TextStim'>, alignHoriz='center', alignVert='center', antialias=True, autoLog=True, bold=False, color='white', colorSpace='named', contrast=1.0, depth=-1.0, flipHoriz=False, flipVert=False, font='Arial', fontFiles=[], height=0.1, italic=False, name='text', opacity=1.0, ori=0, pos=array([0., 0.]), rgb=array([255., 255., 255.]), text='test', units='norm', win=Window(...), wrapWidth=1)
31.1771 	EXP 	Created sequence: random, trialTypes=1, nReps=5, seed=None
31.1855 	EXP 	New trial (rep=0, index=0): None
31.1922 	EXP 	Sound  started
31.5712 	EXP 	text: autoDraw = True
31.5746 	EXP 	Sound  stopped
31.5780 	EXP 	New trial (rep=1, index=0): None
31.5799 	EXP 	Sound  started
31.6100 	EXP 	text: autoDraw = False
31.6100 	EXP 	text: autoDraw = True
31.9782 	EXP 	Sound  stopped
31.9788 	EXP 	New trial (rep=2, index=0): None
31.9806 	EXP 	Sound  started
31.9952 	EXP 	text: autoDraw = False
31.9952 	EXP 	text: autoDraw = True
32.3949 	EXP 	Sound  stopped
32.3955 	EXP 	New trial (rep=3, index=0): None
32.3971 	EXP 	Sound  started
32.4117 	EXP 	text: autoDraw = False
32.4117 	EXP 	text: autoDraw = True
32.8126 	EXP 	Sound  stopped
32.8132 	EXP 	New trial (rep=4, index=0): None
32.8148 	EXP 	Sound  started
32.8296 	EXP 	text: autoDraw = False
32.8296 	EXP 	text: autoDraw = True
33.2281 	EXP 	Sound  stopped
35.3254 	EXP 	window1: mouseVisible = True
